\BOOKMARK [0][-]{chapter*.1}{\376\377\000A\000b\000s\000t\000r\000a\000c\000t}{}% 1
\BOOKMARK [0][-]{chapter.7}{\376\377\000E\000i\000n\000l\000e\000i\000t\000u\000n\000g}{}% 2
\BOOKMARK [1][-]{section.8}{\376\377\000A\000u\000s\000g\000a\000n\000g\000s\000l\000a\000g\000e\000\040\000u\000n\000d\000\040\000Z\000i\000e\000l\000s\000e\000t\000z\000u\000n\000g}{chapter.7}% 3
\BOOKMARK [1][-]{section.10}{\376\377\000H\000y\000p\000o\000t\000h\000e\000s\000e}{chapter.7}% 4
\BOOKMARK [0][-]{chapter.11}{\376\377\000M\000e\000t\000h\000o\000d\000i\000k}{}% 5
\BOOKMARK [1][-]{section.12}{\376\377\000P\000r\000o\000j\000e\000k\000t\000m\000a\000n\000a\000g\000e\000m\000e\000n\000t\000\040\000u\000n\000d\000\040\000P\000r\000o\000j\000e\000k\000t\000p\000l\000a\000n}{chapter.11}% 6
\BOOKMARK [1][-]{section.15}{\376\377\000B\000e\000s\000c\000h\000r\000e\000i\000b\000u\000n\000g\000\040\000d\000e\000r\000\040\000D\000a\000t\000e\000n\000,\000\040\000B\000e\000s\000c\000h\000a\000f\000f\000u\000n\000g\000\040\000u\000n\000d\000\040\000S\000t\000o\000r\000a\000g\000e}{chapter.11}% 7
\BOOKMARK [2][-]{subsection.16}{\376\377\000D\000a\000t\000e\000n\000q\000u\000e\000l\000l\000e\000\040\000u\000n\000d\000\040\000B\000e\000s\000c\000h\000a\000f\000f\000u\000n\000g}{section.15}% 8
\BOOKMARK [2][-]{subsection.17}{\376\377\000O\000r\000d\000n\000e\000r\000s\000t\000r\000u\000k\000t\000u\000r\000\040\000u\000n\000d\000\040\000S\000t\000o\000r\000a\000g\000e}{section.15}% 9
\BOOKMARK [2][-]{subsection.19}{\376\377\000V\000e\000r\000w\000e\000n\000d\000e\000t\000e\000\040\000D\000a\000t\000e\000i\000e\000n}{section.15}% 10
\BOOKMARK [2][-]{subsection.45}{\376\377\000D\000a\000t\000e\000n\000k\000a\000t\000a\000l\000o\000g}{section.15}% 11
\BOOKMARK [2][-]{subsection.47}{\376\377\000\334\000b\000e\000r\000s\000i\000c\000h\000t\000\040\000d\000e\000r\000\040\000R\000-\000S\000k\000r\000i\000p\000t\000e}{section.15}% 12
\BOOKMARK [2][-]{subsection.49}{\376\377\000D\000a\000t\000e\000n\000a\000u\000f\000b\000e\000r\000e\000i\000t\000u\000n\000g\000:\000\040\000M\000e\000r\000g\000i\000n\000g\000\040\000u\000n\000d\000\040\000F\000i\000l\000t\000e\000r\000i\000n\000g}{section.15}% 13
\BOOKMARK [2][-]{subsection.50}{\376\377\000D\000a\000t\000e\000n\000q\000u\000a\000l\000i\000t\000\344\000t\000:\000\040\000F\000e\000h\000l\000e\000n\000d\000e\000\040\000W\000e\000r\000t\000e}{section.15}% 14
\BOOKMARK [2][-]{subsection.52}{\376\377\000P\000l\000a\000u\000s\000i\000b\000i\000l\000i\000t\000\344\000t\000:\000\040\000V\000e\000r\000g\000l\000e\000i\000c\000h\000\040\000m\000i\000t\000\040\000B\000F\000S\000-\000D\000a\000t\000e\000n}{section.15}% 15
\BOOKMARK [0][-]{chapter.56}{\376\377\000E\000r\000g\000e\000b\000n\000i\000s\000s\000e}{}% 16
\BOOKMARK [1][-]{section.57}{\376\377\000D\000e\000s\000k\000r\000i\000p\000t\000i\000v\000e\000\040\000A\000u\000s\000w\000e\000r\000t\000u\000n\000g}{chapter.56}% 17
\BOOKMARK [2][-]{subsection.58}{\376\377\000Z\000e\000i\000t\000l\000i\000c\000h\000e\000\040\000E\000n\000t\000w\000i\000c\000k\000l\000u\000n\000g\000\040\000d\000e\000s\000\040\000V\000e\000r\000t\000r\000a\000u\000e\000n\000s\000\040\000i\000n\000\040\000d\000e\000n\000\040\000B\000u\000n\000d\000e\000s\000r\000a\000t}{section.57}% 18
\BOOKMARK [2][-]{subsection.61}{\376\377\000V\000e\000r\000t\000r\000a\000u\000e\000n\000\040\000n\000a\000c\000h\000\040\000s\000o\000z\000i\000o\000d\000e\000m\000o\000g\000r\000a\000f\000i\000s\000c\000h\000e\000n\000\040\000M\000e\000r\000k\000m\000a\000l\000e\000n}{section.57}% 19
\BOOKMARK [1][-]{section.69}{\376\377\000A\000u\000s\000w\000e\000r\000t\000u\000n\000g\000\040\000d\000e\000r\000\040\000H\000y\000p\000o\000t\000h\000e\000s\000e}{chapter.56}% 20
\BOOKMARK [0][-]{chapter.71}{\376\377\000D\000i\000s\000k\000u\000s\000s\000i\000o\000n}{}% 21
\BOOKMARK [1][-]{section.72}{\376\377\000K\000r\000i\000t\000i\000s\000c\000h\000e\000\040\000R\000e\000f\000l\000e\000x\000i\000o\000n\000\040\000d\000e\000r\000\040\000E\000r\000g\000e\000b\000n\000i\000s\000s\000e}{chapter.71}% 22
\BOOKMARK [1][-]{section.73}{\376\377\000L\000i\000m\000i\000t\000a\000t\000i\000o\000n\000e\000n}{chapter.71}% 23
\BOOKMARK [1][-]{section.74}{\376\377\000N\000\344\000c\000h\000s\000t\000e\000\040\000S\000c\000h\000r\000i\000t\000t\000e}{chapter.71}% 24
\BOOKMARK [0][-]{appendix.75}{\376\377\000D\000a\000t\000e\000n\000k\000a\000t\000a\000l\000o\000g}{}% 25
\BOOKMARK [0][-]{appendix.76}{\376\377\000R\000-\000S\000k\000r\000i\000p\000t\000e}{}% 26
\BOOKMARK [1][-]{section.77}{\376\377\000H\000i\000l\000f\000s\000f\000u\000n\000k\000t\000i\000o\000n\000\040\000z\000u\000m\000\040\000E\000i\000n\000l\000e\000s\000e\000n\000\040\000v\000o\000n\000\040\000S\000P\000S\000S\000-\000D\000a\000t\000e\000i\000e\000n}{appendix.76}% 27
\BOOKMARK [1][-]{section.88}{\376\377\000M\000e\000r\000g\000i\000n\000g\000\040\000d\000e\000r\000\040\000D\000a\000t\000e\000n\000s\000\344\000t\000z\000e}{appendix.76}% 28
\BOOKMARK [1][-]{section.94}{\376\377\000K\000o\000n\000s\000t\000r\000u\000k\000t\000i\000o\000n\000\040\000d\000e\000r\000\040\000V\000a\000r\000i\000a\000b\000l\000e\000\040\000N\000A\000T}{appendix.76}% 29
\BOOKMARK [1][-]{section.113}{\376\377\000I\000m\000p\000u\000t\000a\000t\000i\000o\000n\000\040\000m\000i\000t\000\040\000L\000O\000C\000F}{appendix.76}% 30
\BOOKMARK [1][-]{section.122}{\376\377\000B\000F\000S\000-\000D\000a\000t\000e\000n\000\040\000e\000i\000n\000l\000e\000s\000e\000n}{appendix.76}% 31
\BOOKMARK [0][-]{appendix*.129}{\376\377\000L\000i\000t\000e\000r\000a\000t\000u\000r}{}% 32
