\BOOKMARK [0][-]{chapter*.1}{\376\377\000A\000b\000s\000t\000r\000a\000c\000t}{}% 1
\BOOKMARK [0][-]{chapter*.3}{\376\377\000A\000b\000b\000i\000l\000d\000u\000n\000g\000s\000v\000e\000r\000z\000e\000i\000c\000h\000n\000i\000s}{}% 2
\BOOKMARK [0][-]{chapter*.4}{\376\377\000T\000a\000b\000e\000l\000l\000e\000n\000v\000e\000r\000z\000e\000i\000c\000h\000n\000i\000s}{}% 3
\BOOKMARK [0][-]{chapter*.5}{\376\377\000A\000b\000k\000\374\000r\000z\000u\000n\000g\000s\000v\000e\000r\000z\000e\000i\000c\000h\000n\000i\000s}{}% 4
\BOOKMARK [0][-]{chapter.6}{\376\377\000E\000i\000n\000l\000e\000i\000t\000u\000n\000g}{}% 5
\BOOKMARK [1][-]{section.7}{\376\377\000A\000u\000s\000g\000a\000n\000g\000s\000l\000a\000g\000e\000\040\000u\000n\000d\000\040\000Z\000i\000e\000l\000s\000e\000t\000z\000u\000n\000g}{chapter.6}% 6
\BOOKMARK [1][-]{section.8}{\376\377\000H\000y\000p\000o\000t\000h\000e\000s\000e}{chapter.6}% 7
\BOOKMARK [0][-]{chapter.9}{\376\377\000M\000e\000t\000h\000o\000d\000i\000k}{}% 8
\BOOKMARK [1][-]{section.10}{\376\377\000P\000r\000o\000j\000e\000k\000t\000m\000a\000n\000a\000g\000e\000m\000e\000n\000t\000\040\000u\000n\000d\000\040\000P\000r\000o\000j\000e\000k\000t\000p\000l\000a\000n}{chapter.9}% 9
\BOOKMARK [1][-]{section.11}{\376\377\000D\000a\000t\000e\000n\000g\000r\000u\000n\000d\000l\000a\000g\000e\000\040\000u\000n\000d\000\040\000B\000e\000s\000c\000h\000a\000f\000f\000u\000n\000g}{chapter.9}% 10
\BOOKMARK [1][-]{section.12}{\376\377\000D\000a\000t\000e\000n\000k\000a\000t\000a\000l\000o\000g}{chapter.9}% 11
\BOOKMARK [1][-]{section.13}{\376\377\000D\000a\000t\000e\000n\000a\000u\000f\000b\000e\000r\000e\000i\000t\000u\000n\000g}{chapter.9}% 12
\BOOKMARK [1][-]{section.14}{\376\377\000D\000a\000t\000e\000n\000q\000u\000a\000l\000i\000t\000\344\000t\000\040\000u\000n\000d\000\040\000P\000l\000a\000u\000s\000i\000b\000i\000l\000i\000t\000\344\000t}{chapter.9}% 13
\BOOKMARK [0][-]{chapter.15}{\376\377\000E\000r\000g\000e\000b\000n\000i\000s\000s\000e}{}% 14
\BOOKMARK [1][-]{section.16}{\376\377\000B\000e\000s\000c\000h\000r\000e\000i\000b\000u\000n\000g\000\040\000d\000e\000s\000\040\000f\000i\000n\000a\000l\000e\000n\000\040\000P\000a\000n\000e\000l\000d\000a\000t\000e\000n\000s\000a\000t\000z\000e\000s}{chapter.15}% 15
\BOOKMARK [1][-]{section.17}{\376\377\000D\000e\000s\000k\000r\000i\000p\000t\000i\000v\000e\000\040\000A\000s\000s\000o\000z\000i\000a\000t\000i\000o\000n\000e\000n\000\040\000m\000i\000t\000\040\000d\000e\000n\000\040\000Z\000i\000e\000l\000v\000a\000r\000i\000a\000b\000l\000e\000n}{chapter.15}% 16
\BOOKMARK [1][-]{section.18}{\376\377\000A\000u\000s\000w\000e\000r\000t\000u\000n\000g\000\040\000d\000e\000r\000\040\000H\000y\000p\000o\000t\000h\000e\000s\000e}{chapter.15}% 17
\BOOKMARK [0][-]{chapter.19}{\376\377\000D\000i\000s\000k\000u\000s\000s\000i\000o\000n}{}% 18
\BOOKMARK [0][-]{appendix.20}{\376\377\000D\000a\000t\000e\000n\000k\000a\000t\000a\000l\000o\000g}{}% 19
\BOOKMARK [0][-]{appendix.21}{\376\377\000R\000-\000S\000k\000r\000i\000p\000t\000e}{}% 20
\BOOKMARK [0][-]{appendix.22}{\376\377\000Z\000u\000s\000\344\000t\000z\000l\000i\000c\000h\000e\000\040\000T\000a\000b\000e\000l\000l\000e\000n\000\040\000u\000n\000d\000\040\000A\000b\000b\000i\000l\000d\000u\000n\000g\000e\000n}{}% 21
